Assembler report for Xmit
Tue Dec 13 20:23:30 2016
Quartus Prime Version 16.0.0 Build 211 04/27/2016 SJ Lite Edition


---------------------
; Table of Contents ;
---------------------
  1. Legal Notice
  2. Assembler Summary
  3. Assembler Settings
  4. Assembler Generated Files
  5. Assembler Device Options: C:/altera_lite/16.0/xlit/Xmit/output_files/Xmit.sof
  6. Assembler Messages



----------------
; Legal Notice ;
----------------
Copyright (C) 1991-2016 Altera Corporation. All rights reserved.
Your use of Altera Corporation's design tools, logic functions 
and other software and tools, and its AMPP partner logic 
functions, and any output files from any of the foregoing 
(including device programming or simulation files), and any 
associated documentation or information are expressly subject 
to the terms and conditions of the Altera Program License 
Subscription Agreement, the Altera Quartus Prime License Agreement,
the Altera MegaCore Function License Agreement, or other 
applicable license agreement, including, without limitation, 
that your use is for the sole purpose of programming logic 
devices manufactured by Altera and sold by Altera or its 
authorized distributors.  Please refer to the applicable 
agreement for further details.



+---------------------------------------------------------------+
; Assembler Summary                                             ;
+-----------------------+---------------------------------------+
; Assembler Status      ; Successful - Tue Dec 13 20:23:30 2016 ;
; Revision Name         ; Xmit                                  ;
; Top-level Entity Name ; xmitTop                               ;
; Family                ; Cyclone V                             ;
; Device                ; 5CEBA4F23C7                           ;
+-----------------------+---------------------------------------+


+----------------------------------+
; Assembler Settings               ;
+--------+---------+---------------+
; Option ; Setting ; Default Value ;
+--------+---------+---------------+


+-----------------------------------------------------+
; Assembler Generated Files                           ;
+-----------------------------------------------------+
; File Name                                           ;
+-----------------------------------------------------+
; C:/altera_lite/16.0/xlit/Xmit/output_files/Xmit.sof ;
+-----------------------------------------------------+


+-------------------------------------------------------------------------------+
; Assembler Device Options: C:/altera_lite/16.0/xlit/Xmit/output_files/Xmit.sof ;
+----------------+--------------------------------------------------------------+
; Option         ; Setting                                                      ;
+----------------+--------------------------------------------------------------+
; Device         ; 5CEBA4F23C7                                                  ;
; JTAG usercode  ; 0x053CA9DB                                                   ;
; Checksum       ; 0x053CA9DB                                                   ;
+----------------+--------------------------------------------------------------+


+--------------------+
; Assembler Messages ;
+--------------------+
Info: *******************************************************************
Info: Running Quartus Prime Assembler
    Info: Version 16.0.0 Build 211 04/27/2016 SJ Lite Edition
    Info: Processing started: Tue Dec 13 20:23:19 2016
Info: Command: quartus_asm --read_settings_files=off --write_settings_files=off Xmit -c Xmit
Warning (125092): Tcl Script File fifo_8.qip not found
    Info (125063): set_global_assignment -name QIP_FILE fifo_8.qip
Warning (18236): Number of processors has not been specified which may cause overloading on shared machines.  Set the global assignment NUM_PARALLEL_PROCESSORS in your QSF to an appropriate value for best performance.
Info (115030): Assembler is generating device programming files
Info: Quartus Prime Assembler was successful. 0 errors, 2 warnings
    Info: Peak virtual memory: 946 megabytes
    Info: Processing ended: Tue Dec 13 20:23:30 2016
    Info: Elapsed time: 00:00:11
    Info: Total CPU time (on all processors): 00:00:11


